<?xml version="1.0" encoding="UTF-8"?>
<!-- Generated by org.testng.reporters.JUnitReportReporter -->
<testsuite hostname="DESKTOP-737KL1T" failures="0" tests="5" name="testng.Rediff" time="7.454" errors="0" timestamp="2024-02-16T12:52:09 IST" skipped="0">
  <testcase classname="testng.Rediff" name="createaccountenable" time="1.138"/>
  <system-out/>
  <testcase classname="testng.Rediff" name="titleverification" time="0.888"/>
  <system-out/>
  <testcase classname="testng.Rediff" name="fullnamefield" time="0.988"/>
  <system-out/>
  <testcase classname="testng.Rediff" name="buttontext" time="0.949"/>
  <system-out/>
  <testcase classname="testng.Rediff" name="logo" time="3.491"/>
  <system-out/>
</testsuite> <!-- testng.Rediff -->
