<?xml version="1.0" encoding="UTF-8"?>
<!-- Generated by org.testng.reporters.JUnitReportReporter -->
<testsuite hostname="DESKTOP-737KL1T" failures="0" tests="1" name="testng.Ebayscrolldown$Ebay" time="5.442" errors="0" timestamp="2024-02-28T10:25:30 IST" skipped="0">
  <testcase classname="testng.Ebayscrolldown$Ebay" name="electronics" time="5.442"/>
  <system-out/>
</testsuite> <!-- testng.Ebayscrolldown$Ebay -->
