<?xml version="1.0" encoding="UTF-8"?>
<!-- Generated by org.testng.reporters.JUnitReportReporter -->
<testsuite hostname="DESKTOP-737KL1T" failures="0" tests="1" name="testng.Robotupload" time="3.419" errors="0" timestamp="2024-02-23T09:54:29 IST" skipped="0">
  <testcase classname="testng.Robotupload" name="fileuploadpgm" time="3.419"/>
  <system-out/>
</testsuite> <!-- testng.Robotupload -->
