<?xml version="1.0" encoding="UTF-8"?>
<!-- Generated by org.testng.reporters.JUnitReportReporter -->
<testsuite hostname="DESKTOP-737KL1T" failures="0" tests="1" name="testng.Automationsitevalidation" time="16.179" errors="0" timestamp="2024-02-26T11:44:50 IST" skipped="0">
  <testcase classname="testng.Automationsitevalidation" name="link" time="16.179"/>
  <system-out/>
</testsuite> <!-- testng.Automationsitevalidation -->
