<?xml version="1.0" encoding="UTF-8"?>
<!-- Generated by org.testng.reporters.JUnitReportReporter -->
<testsuite hostname="DESKTOP-737KL1T" failures="0" tests="1" name="testng.Fileuploading" time="0.592" errors="0" timestamp="2024-02-22T10:52:40 IST" skipped="0">
  <testcase classname="testng.Fileuploading" name="uploadfile" time="0.592"/>
  <system-out/>
</testsuite> <!-- testng.Fileuploading -->
