<?xml version="1.0" encoding="UTF-8"?>
<!-- Generated by org.testng.reporters.JUnitReportReporter -->
<testsuite hostname="DESKTOP-737KL1T" failures="0" tests="1" name="testng.Trivagodate" time="4.464" errors="0" timestamp="2024-03-05T09:14:19 IST" skipped="0">
  <testcase classname="testng.Trivagodate" name="trivagodate" time="4.464"/>
  <system-out/>
</testsuite> <!-- testng.Trivagodate -->
