<?xml version="1.0" encoding="UTF-8"?>
<!-- Generated by org.testng.reporters.JUnitReportReporter -->
<testsuite hostname="DESKTOP-737KL1T" failures="0" tests="1" name="testng.amazonmobilecart" time="43.591" errors="0" timestamp="2024-03-20T20:34:49 IST" skipped="0">
  <testcase classname="testng.amazonmobilecart" name="mobile" time="43.591"/>
  <system-out/>
</testsuite> <!-- testng.amazonmobilecart -->
