<?xml version="1.0" encoding="UTF-8"?>
<!-- Generated by org.testng.reporters.JUnitReportReporter -->
<testsuite hostname="DESKTOP-737KL1T" failures="0" tests="3" name="testng.Crossbrowsertestfb" time="14.873" errors="0" timestamp="2024-02-20T11:12:27 IST" skipped="0">
  <testcase classname="testng.Crossbrowsertestfb" name="test" time="3.248"/>
  <system-out/>
  <testcase classname="testng.Crossbrowsertestfb" name="test" time="6.693"/>
  <system-out/>
  <testcase classname="testng.Crossbrowsertestfb" name="test" time="4.932"/>
  <system-out/>
</testsuite> <!-- testng.Crossbrowsertestfb -->
