<?xml version="1.0" encoding="UTF-8"?>
<!-- Generated by org.testng.reporters.JUnitReportReporter -->
<testsuite hostname="DESKTOP-737KL1T" failures="0" tests="1" name="testng.Webdrivenfb" time="34.681" errors="0" timestamp="2024-03-09T11:04:28 IST" skipped="0">
  <testcase classname="testng.Webdrivenfb" name="datadriven" time="34.681"/>
  <system-out/>
</testsuite> <!-- testng.Webdrivenfb -->
