<?xml version="1.0" encoding="UTF-8"?>
<!-- Generated by org.testng.reporters.JUnitReportReporter -->
<testsuite hostname="DESKTOP-737KL1T" failures="0" tests="1" name="testng.Saucetest" time="7.488" errors="0" timestamp="2024-03-10T23:44:54 IST" skipped="0">
  <testcase classname="testng.Saucetest" name="datadriven" time="7.488"/>
  <system-out/>
</testsuite> <!-- testng.Saucetest -->
