<?xml version="1.0" encoding="UTF-8"?>
<!-- Generated by org.testng.reporters.JUnitReportReporter -->
<testsuite hostname="DESKTOP-737KL1T" failures="0" tests="1" name="testng.Facebooklogin" time="4.310" errors="0" timestamp="2024-02-20T10:25:20 IST" skipped="0">
  <testcase classname="testng.Facebooklogin" name="login" time="4.310"/>
  <system-out/>
</testsuite> <!-- testng.Facebooklogin -->
