<?xml version="1.0" encoding="UTF-8"?>
<!-- Generated by org.testng.reporters.JUnitReportReporter -->
<testsuite hostname="DESKTOP-737KL1T" failures="0" tests="1" name="testng.Doubleclickrightclick" time="2.361" errors="0" timestamp="2024-02-22T09:49:19 IST" skipped="0">
  <testcase classname="testng.Doubleclickrightclick" name="rightclick" time="2.361"/>
  <system-out/>
</testsuite> <!-- testng.Doubleclickrightclick -->
