<?xml version="1.0" encoding="UTF-8"?>
<!-- Generated by org.testng.reporters.JUnitReportReporter -->
<testsuite hostname="DESKTOP-737KL1T" failures="0" tests="1" name="testng.Multiplewindowhandling" time="2.420" errors="0" timestamp="2024-03-20T09:09:09 IST" skipped="0">
  <testcase classname="testng.Multiplewindowhandling" name="test" time="2.420"/>
  <system-out/>
</testsuite> <!-- testng.Multiplewindowhandling -->
