<?xml version="1.0" encoding="UTF-8"?>
<!-- Generated by org.testng.reporters.JUnitReportReporter -->
<testsuite hostname="DESKTOP-737KL1T" failures="0" tests="1" name="testpkg.Fbcreatepagetest" time="5.748" errors="0" timestamp="2024-03-07T10:29:18 IST" skipped="0">
  <testcase classname="testpkg.Fbcreatepagetest" name="testcreatepage" time="5.748"/>
  <system-out/>
</testsuite> <!-- testpkg.Fbcreatepagetest -->
