<?xml version="1.0" encoding="UTF-8"?>
<!-- Generated by org.testng.reporters.JUnitReportReporter -->
<testsuite hostname="DESKTOP-737KL1T" failures="0" tests="1" name="testng.Dragdrop" time="11.779" errors="0" timestamp="2024-02-21T10:40:56 IST" skipped="0">
  <testcase classname="testng.Dragdrop" name="dragdrop" time="11.779"/>
  <system-out/>
</testsuite> <!-- testng.Dragdrop -->
