<?xml version="1.0" encoding="UTF-8"?>
<!-- Generated by org.testng.reporters.JUnitReportReporter -->
<testsuite hostname="DESKTOP-737KL1T" failures="0" tests="1" name="testng.Automationsignupexercise" time="12.991" errors="0" timestamp="2024-02-29T10:32:32 IST" skipped="0">
  <testcase classname="testng.Automationsignupexercise" name="signup" time="12.991"/>
  <system-out/>
</testsuite> <!-- testng.Automationsignupexercise -->
