<?xml version="1.0" encoding="UTF-8"?>
<!-- Generated by org.testng.reporters.JUnitReportReporter -->
<testsuite hostname="DESKTOP-737KL1T" failures="0" tests="1" name="testng.Datepicker" time="5.233" errors="0" timestamp="2024-03-09T09:47:43 IST" skipped="0">
  <testcase classname="testng.Datepicker" name="date" time="5.233"/>
  <system-out/>
</testsuite> <!-- testng.Datepicker -->
