<?xml version="1.0" encoding="UTF-8"?>
<!-- Generated by org.testng.reporters.JUnitReportReporter -->
<testsuite hostname="DESKTOP-737KL1T" failures="0" tests="1" name="testng.Parameterisation" time="0.029" errors="0" timestamp="2024-02-20T09:38:08 IST" skipped="0">
  <testcase classname="testng.Parameterisation" name="test" time="0.029"/>
  <system-out/>
</testsuite> <!-- testng.Parameterisation -->
